<?xml version="1.0" encoding="UTF-8"?>
<!-- Generated by org.testng.reporters.JUnitXMLReporter -->
<testsuite ignored="2" hostname="blr-mp3nl" failures="0" tests="7" name="Test" time="0.111" errors="0" timestamp="2023-02-24T15:49:03 IST">
  <testcase classname="DemoTestScripts.Priority_NG" name="test2" time="0.039"/>
  <testcase classname="DemoTestScripts.SkipTestScript" name="test1" time="0.003"/>
  <testcase classname="DemoTestScripts.InvocationCount" name="test2" time="0.001"/>
  <testcase classname="DemoTestScripts.InvocationCount" name="test2" time="0.002"/>
  <testcase classname="DemoTestScripts.InvocationCount" name="test2" time="0.001"/>
  <testcase classname="DemoTestScripts.InvocationCount" name="test2" time="0.002"/>
  <testcase classname="DemoTestScripts.InvocationCount" name="test2" time="0.002"/>
  <testcase classname="DemoTestScripts.SkipTestScript" name="test2" time="0.0">
    <ignored/>
  </testcase> <!-- test2 -->
  <testcase classname="DemoTestScripts.Priority_NG" name="test1" time="0.0">
    <ignored/>
  </testcase> <!-- test1 -->
</testsuite> <!-- Test -->
