<?xml version="1.0" encoding="UTF-8"?>
<testng-results ignored="0" total="1" passed="1" failed="0" skipped="0">
  <reporter-output>
  </reporter-output>
  <suite started-at="2023-02-24T15:52:15 IST" name="Default suite" finished-at="2023-02-24T15:52:57 IST" duration-ms="41376">
    <groups>
    </groups>
    <test started-at="2023-02-24T15:52:15 IST" name="Default test" finished-at="2023-02-24T15:52:57 IST" duration-ms="41376">
      <class name="DemoTestScripts.AutoSuggestion">
        <test-method signature="autoSuggestion()[pri:0, instance:DemoTestScripts.AutoSuggestion@56a6d5a6]" started-at="2023-02-24T15:52:15 IST" name="autoSuggestion" finished-at="2023-02-24T15:52:57 IST" duration-ms="41307" status="PASS">
          <reporter-output>
          </reporter-output>
        </test-method> <!-- autoSuggestion -->
      </class> <!-- DemoTestScripts.AutoSuggestion -->
    </test> <!-- Default test -->
  </suite> <!-- Default suite -->
</testng-results>
